0 info it worked if it ends with ok
1 verbose cli [ 'node', '/usr/local/bin/npm', 'publish' ]
2 info using npm@1.3.14
3 info using node@v0.10.22
4 verbose publish [ '.' ]
5 verbose cache add [ '.', null ]
6 verbose cache add name=undefined spec="." args=[".",null]
7 verbose parsed url { protocol: null,
7 verbose parsed url   slashes: null,
7 verbose parsed url   auth: null,
7 verbose parsed url   host: null,
7 verbose parsed url   port: null,
7 verbose parsed url   hostname: null,
7 verbose parsed url   hash: null,
7 verbose parsed url   search: null,
7 verbose parsed url   query: null,
7 verbose parsed url   pathname: '.',
7 verbose parsed url   path: '.',
7 verbose parsed url   href: '.' }
8 silly lockFile 3a52ce78- .
9 verbose lock . /Users/seanmscanlan/.npm/3a52ce78-.lock
10 verbose tar pack [ '/var/folders/h1/f6s62x2d4397t_q160ypl3sw0000gn/T/npm-49346-oeqqzgGZ/1422998516612-0.12052726629190147/tmp.tgz',
10 verbose tar pack   '.' ]
11 verbose tarball /var/folders/h1/f6s62x2d4397t_q160ypl3sw0000gn/T/npm-49346-oeqqzgGZ/1422998516612-0.12052726629190147/tmp.tgz
12 verbose folder .
13 info prepublish running-man@0.1.2
14 silly lockFile 1f1177db-tar tar://.
15 verbose lock tar://. /Users/seanmscanlan/.npm/1f1177db-tar.lock
16 silly lockFile 6c7bdfa3-6612-0-12052726629190147-tmp-tgz tar:///var/folders/h1/f6s62x2d4397t_q160ypl3sw0000gn/T/npm-49346-oeqqzgGZ/1422998516612-0.12052726629190147/tmp.tgz
17 verbose lock tar:///var/folders/h1/f6s62x2d4397t_q160ypl3sw0000gn/T/npm-49346-oeqqzgGZ/1422998516612-0.12052726629190147/tmp.tgz /Users/seanmscanlan/.npm/6c7bdfa3-6612-0-12052726629190147-tmp-tgz.lock
18 silly lockFile 1f1177db-tar tar://.
19 silly lockFile 1f1177db-tar tar://.
20 silly lockFile 6c7bdfa3-6612-0-12052726629190147-tmp-tgz tar:///var/folders/h1/f6s62x2d4397t_q160ypl3sw0000gn/T/npm-49346-oeqqzgGZ/1422998516612-0.12052726629190147/tmp.tgz
21 silly lockFile 6c7bdfa3-6612-0-12052726629190147-tmp-tgz tar:///var/folders/h1/f6s62x2d4397t_q160ypl3sw0000gn/T/npm-49346-oeqqzgGZ/1422998516612-0.12052726629190147/tmp.tgz
22 verbose tar unpack /var/folders/h1/f6s62x2d4397t_q160ypl3sw0000gn/T/npm-49346-oeqqzgGZ/1422998516612-0.12052726629190147/tmp.tgz
23 silly lockFile 37b3abd4-6612-0-12052726629190147-package tar:///var/folders/h1/f6s62x2d4397t_q160ypl3sw0000gn/T/npm-49346-oeqqzgGZ/1422998516612-0.12052726629190147/package
24 verbose lock tar:///var/folders/h1/f6s62x2d4397t_q160ypl3sw0000gn/T/npm-49346-oeqqzgGZ/1422998516612-0.12052726629190147/package /Users/seanmscanlan/.npm/37b3abd4-6612-0-12052726629190147-package.lock
25 silly lockFile 6c7bdfa3-6612-0-12052726629190147-tmp-tgz tar:///var/folders/h1/f6s62x2d4397t_q160ypl3sw0000gn/T/npm-49346-oeqqzgGZ/1422998516612-0.12052726629190147/tmp.tgz
26 verbose lock tar:///var/folders/h1/f6s62x2d4397t_q160ypl3sw0000gn/T/npm-49346-oeqqzgGZ/1422998516612-0.12052726629190147/tmp.tgz /Users/seanmscanlan/.npm/6c7bdfa3-6612-0-12052726629190147-tmp-tgz.lock
27 silly gunzTarPerm modes [ '755', '644' ]
28 silly gunzTarPerm extractEntry package.json
29 silly gunzTarPerm extractEntry README.md
30 silly gunzTarPerm extractEntry index.js
31 silly gunzTarPerm extractEntry test.js
32 silly gunzTarPerm modified mode [ 'test.js', 436, 420 ]
33 silly lockFile 37b3abd4-6612-0-12052726629190147-package tar:///var/folders/h1/f6s62x2d4397t_q160ypl3sw0000gn/T/npm-49346-oeqqzgGZ/1422998516612-0.12052726629190147/package
34 silly lockFile 37b3abd4-6612-0-12052726629190147-package tar:///var/folders/h1/f6s62x2d4397t_q160ypl3sw0000gn/T/npm-49346-oeqqzgGZ/1422998516612-0.12052726629190147/package
35 silly lockFile 6c7bdfa3-6612-0-12052726629190147-tmp-tgz tar:///var/folders/h1/f6s62x2d4397t_q160ypl3sw0000gn/T/npm-49346-oeqqzgGZ/1422998516612-0.12052726629190147/tmp.tgz
36 silly lockFile 6c7bdfa3-6612-0-12052726629190147-tmp-tgz tar:///var/folders/h1/f6s62x2d4397t_q160ypl3sw0000gn/T/npm-49346-oeqqzgGZ/1422998516612-0.12052726629190147/tmp.tgz
37 verbose tar pack [ '/Users/seanmscanlan/.npm/running-man/0.1.2/package.tgz',
37 verbose tar pack   '/var/folders/h1/f6s62x2d4397t_q160ypl3sw0000gn/T/npm-49346-oeqqzgGZ/1422998516612-0.12052726629190147/package' ]
38 verbose tarball /Users/seanmscanlan/.npm/running-man/0.1.2/package.tgz
39 verbose folder /var/folders/h1/f6s62x2d4397t_q160ypl3sw0000gn/T/npm-49346-oeqqzgGZ/1422998516612-0.12052726629190147/package
40 silly lockFile 37b3abd4-6612-0-12052726629190147-package tar:///var/folders/h1/f6s62x2d4397t_q160ypl3sw0000gn/T/npm-49346-oeqqzgGZ/1422998516612-0.12052726629190147/package
41 verbose lock tar:///var/folders/h1/f6s62x2d4397t_q160ypl3sw0000gn/T/npm-49346-oeqqzgGZ/1422998516612-0.12052726629190147/package /Users/seanmscanlan/.npm/37b3abd4-6612-0-12052726629190147-package.lock
42 silly lockFile c7cc85a8-pm-running-man-0-1-2-package-tgz tar:///Users/seanmscanlan/.npm/running-man/0.1.2/package.tgz
43 verbose lock tar:///Users/seanmscanlan/.npm/running-man/0.1.2/package.tgz /Users/seanmscanlan/.npm/c7cc85a8-pm-running-man-0-1-2-package-tgz.lock
44 silly lockFile 37b3abd4-6612-0-12052726629190147-package tar:///var/folders/h1/f6s62x2d4397t_q160ypl3sw0000gn/T/npm-49346-oeqqzgGZ/1422998516612-0.12052726629190147/package
45 silly lockFile 37b3abd4-6612-0-12052726629190147-package tar:///var/folders/h1/f6s62x2d4397t_q160ypl3sw0000gn/T/npm-49346-oeqqzgGZ/1422998516612-0.12052726629190147/package
46 silly lockFile c7cc85a8-pm-running-man-0-1-2-package-tgz tar:///Users/seanmscanlan/.npm/running-man/0.1.2/package.tgz
47 silly lockFile c7cc85a8-pm-running-man-0-1-2-package-tgz tar:///Users/seanmscanlan/.npm/running-man/0.1.2/package.tgz
48 silly lockFile 0a99347c-an-npm-running-man-0-1-2-package /Users/seanmscanlan/.npm/running-man/0.1.2/package
49 verbose lock /Users/seanmscanlan/.npm/running-man/0.1.2/package /Users/seanmscanlan/.npm/0a99347c-an-npm-running-man-0-1-2-package.lock
50 silly lockFile 0a99347c-an-npm-running-man-0-1-2-package /Users/seanmscanlan/.npm/running-man/0.1.2/package
51 silly lockFile 0a99347c-an-npm-running-man-0-1-2-package /Users/seanmscanlan/.npm/running-man/0.1.2/package
52 verbose tar unpack /Users/seanmscanlan/.npm/running-man/0.1.2/package.tgz
53 silly lockFile a459b64d-an-npm-running-man-0-1-2-package tar:///Users/seanmscanlan/.npm/running-man/0.1.2/package
54 verbose lock tar:///Users/seanmscanlan/.npm/running-man/0.1.2/package /Users/seanmscanlan/.npm/a459b64d-an-npm-running-man-0-1-2-package.lock
55 silly lockFile c7cc85a8-pm-running-man-0-1-2-package-tgz tar:///Users/seanmscanlan/.npm/running-man/0.1.2/package.tgz
56 verbose lock tar:///Users/seanmscanlan/.npm/running-man/0.1.2/package.tgz /Users/seanmscanlan/.npm/c7cc85a8-pm-running-man-0-1-2-package-tgz.lock
57 silly gunzTarPerm modes [ '755', '644' ]
58 silly gunzTarPerm extractEntry package.json
59 silly gunzTarPerm extractEntry README.md
60 silly gunzTarPerm extractEntry index.js
61 silly gunzTarPerm extractEntry test.js
62 silly lockFile a459b64d-an-npm-running-man-0-1-2-package tar:///Users/seanmscanlan/.npm/running-man/0.1.2/package
63 silly lockFile a459b64d-an-npm-running-man-0-1-2-package tar:///Users/seanmscanlan/.npm/running-man/0.1.2/package
64 silly lockFile c7cc85a8-pm-running-man-0-1-2-package-tgz tar:///Users/seanmscanlan/.npm/running-man/0.1.2/package.tgz
65 silly lockFile c7cc85a8-pm-running-man-0-1-2-package-tgz tar:///Users/seanmscanlan/.npm/running-man/0.1.2/package.tgz
66 verbose chmod /Users/seanmscanlan/.npm/running-man/0.1.2/package.tgz 644
67 verbose chown /Users/seanmscanlan/.npm/running-man/0.1.2/package.tgz [ 501, 20 ]
68 silly lockFile 3a52ce78- .
69 silly lockFile 3a52ce78- .
70 silly publish { name: 'running-man',
70 silly publish   version: '0.1.2',
70 silly publish   description: 'A Node Module Test',
70 silly publish   main: 'index.js',
70 silly publish   repository:
70 silly publish    { type: 'git',
70 silly publish      url: 'https://github.com/skiprox/running-man.git' },
70 silly publish   author: { name: 'seanmscanlan' },
70 silly publish   license: 'MIT',
70 silly publish   bugs: { url: 'https://github.com/skiprox/running-man/issues' },
70 silly publish   homepage: 'https://github.com/skiprox/running-man',
70 silly publish   dependencies: { 'stream-spigot': '~3.0.5' },
70 silly publish   readme: '# running-man\nA Node Moduel Test Repo\n\n### Usage\n```\nnpm install running-man --save\n```\nThen to use:\n```\nvar runningMan = require(\'running-man\');\nvar quote = runningMan.quote();\n```\nWill return a random Arnold Schwarzenegger quote.',
70 silly publish   readmeFilename: 'README.md',
70 silly publish   _id: 'running-man@0.1.2',
70 silly publish   dist: { shasum: '34225a473867258cc1400e0543bd70cef0edbd74' },
70 silly publish   _from: '.' }
71 verbose url raw running-man
72 verbose url resolving [ 'https://registry.npmjs.org/', './running-man' ]
73 verbose url resolved https://registry.npmjs.org/running-man
74 info trying registry request attempt 1 at 16:21:56
75 http PUT https://registry.npmjs.org/running-man
76 http 201 https://registry.npmjs.org/running-man
77 verbose url raw running-man
78 verbose url resolving [ 'https://registry.npmjs.org/', './running-man' ]
79 verbose url resolved https://registry.npmjs.org/running-man
80 info trying registry request attempt 1 at 16:21:57
81 http GET https://registry.npmjs.org/running-man
82 http 200 https://registry.npmjs.org/running-man
83 error publish fail Cannot publish over existing version.
83 error publish fail Update the 'version' field in package.json and try again.
83 error publish fail
83 error publish fail If the previous version was published in error, see:
83 error publish fail     npm help unpublish
83 error publish fail
83 error publish fail To automatically increment version numbers, see:
83 error publish fail     npm help version
84 error System Darwin 14.0.0
85 error command "node" "/usr/local/bin/npm" "publish"
86 error cwd /Users/seanmscanlan/Desktop/misc_code/running-man
87 error node -v v0.10.22
88 error npm -v 1.3.14
89 error code EPUBLISHCONFLICT
90 verbose exit [ 1, true ]
